23:16:32.216 INFO [GridLauncherV3.parse] - Selenium server version: 3.141.59, revision: e82be7d358
23:16:32.274 INFO [GridLauncherV3.lambda$buildLaunchers$3] - Launching a standalone Selenium Server on port 4444
2021-03-26 23:16:32.318:INFO::main: Logging initialized @316ms to org.seleniumhq.jetty9.util.log.StdErrLog
23:16:32.532 INFO [WebDriverServlet.<init>] - Initialising WebDriverServlet
23:16:32.741 INFO [SeleniumServer.boot] - Selenium Server is up and running on port 4444
23:16:33.122 INFO [ActiveSessionFactory.apply] - Capabilities are: {
  "browserName": "chrome",
  "chromeOptions": {
    "args": [
      "headless"
    ]
  },
  "name": "UITest Automation Trello Headless"
}
23:16:33.122 INFO [ActiveSessionFactory.lambda$apply$11] - Matched factory org.openqa.selenium.grid.session.remote.ServicedSession$Factory (provider: org.openqa.selenium.chrome.ChromeDriverService)
Starting ChromeDriver 89.0.4389.23 (61b08ee2c50024bab004e48d2b1b083cdbdac579-refs/branch-heads/4389@{#294}) on port 3384
Only local connections are allowed.
Please see https://chromedriver.chromium.org/security-considerations for suggestions on keeping ChromeDriver safe.
ChromeDriver was started successfully.
23:16:33.911 INFO [ProtocolHandshake.createSession] - Detected dialect: W3C
23:16:33.933 INFO [RemoteSession$Factory.lambda$performHandshake$0] - Started new session 8b5dd564538fc3d7c585d6cdc5887282 (org.openqa.selenium.chrome.ChromeDriverService)
23:17:03.380 INFO [ActiveSessions$1.onStop] - Removing session 8b5dd564538fc3d7c585d6cdc5887282 (org.openqa.selenium.chrome.ChromeDriverService)
